<?xml version="1.0" encoding="UTF-8"?>
<testng-results skipped="0" failed="0" ignored="0" total="1" passed="1">
  <reporter-output>
  </reporter-output>
  <suite name="Default suite" duration-ms="7544" started-at="2024-02-17T11:50:02Z" finished-at="2024-02-17T11:50:09Z">
    <groups>
    </groups>
    <test name="Default test" duration-ms="7544" started-at="2024-02-17T11:50:02Z" finished-at="2024-02-17T11:50:09Z">
      <class name="org.testng.test1">
        <test-method status="PASS" signature="beforemethod()[pri:0, instance:org.testng.test1@3159c4b8]" name="beforemethod" is-config="true" duration-ms="3757" started-at="2024-02-17T11:50:02Z" finished-at="2024-02-17T11:50:05Z">
          <reporter-output>
          </reporter-output>
        </test-method> <!-- beforemethod -->
        <test-method status="PASS" signature="Amazon_Security_testing()[pri:0, instance:org.testng.test1@3159c4b8]" name="Amazon_Security_testing" duration-ms="3669" started-at="2024-02-17T11:50:05Z" finished-at="2024-02-17T11:50:09Z">
          <reporter-output>
          </reporter-output>
        </test-method> <!-- Amazon_Security_testing -->
        <test-method status="PASS" signature="afterclass()[pri:0, instance:org.testng.test1@3159c4b8]" name="afterclass" is-config="true" duration-ms="98" started-at="2024-02-17T11:50:09Z" finished-at="2024-02-17T11:50:09Z">
          <reporter-output>
          </reporter-output>
        </test-method> <!-- afterclass -->
      </class> <!-- org.testng.test1 -->
    </test> <!-- Default test -->
  </suite> <!-- Default suite -->
</testng-results>
